2016/01/25 11:31:39[error]  文件[E:/GitHub/lzs/longchenhan/WebRoot/WEB-INF/etc/log4j.properties]不存在！！！
2016/01/25 11:33:42[error]  文件[E:/GitHub/lzs/longchenhan/WebRoot/WEB-INF/etc/log4j.properties]不存在！！！
2016/01/25 11:36:46[error]  文件[/E:/GitHub/lzs/longchenhan/WebRoot/WEB-INF/etc/log4j.properties]不存在！！！
2016/01/25 11:37:10[error]  文件[/WEB-INF/etc/log4j.properties]不存在！！！
2016/01/25 11:38:36[error]  文件[log4j.properties]不存在！！！
2016/01/25 11:40:1[error]  文件[E:/GitHub/lzs/longchenhan/WebRoot/WEB-INF/etc/log4j.properties]不存在！！！
2016/01/25 11:41:9[error]  文件[E:/GitHub/lzs/longchenhan/WebRoot/WEB-INF/etc/log4j.properties]不存在！！！
2016/01/25 11:41:32[error]  文件[E:/GitHub/lzs/longchenhan/WebRoot/WEB-INF/etc/log4j.properties]不存在！！！
2016/01/25 11:42:12[error]  文件[E:/GitHub/lzs/longchenhan/WebRoot/WEB-INF/etc/log4j.properties]不存在！！！
2016/01/25 11:42:52[error]  文件[E:/GitHub/lzs/longchenhan/WebRoot/WEB-INF/etc/log4j.properties]不存在！！！
2016/01/25 11:45:34[error]  文件[E:/GitHub/lzs/longchenhan/WebRoot/WEB-INF/E:/GitHub/lzs/longchenhan/WebRoot/WEB-INF/etc/log4j.properties]不存在！！！
2016/01/25 11:45:56[error]  文件[E:/GitHub/lzs/longchenhan/WebRoot/WEB-INF/E:/GitHub/lzs/longchenhan/WebRoot/WEB-INF/etc/log4j.properties]不存在！！！
2016/01/25 11:46:25[error]  文件[E:/GitHub/lzs/longchenhan/WebRoot/WEB-INF/E:/GitHub/lzs/longchenhan/WebRoot/WEB-INF/etc/log4j.properties]不存在！！！
2016/01/25 11:48:57[error]  文件[E:/GitHub/lzs/longchenhan/WebRoot/WEB-INF/E:/GitHub/lzs/longchenhan/WebRoot/WEB-INF/etc/log4j.properties]不存在！！！
2016/01/25 11:49:9[error]  文件[E:/GitHub/lzs/longchenhan/WebRoot/WEB-INF/E:/GitHub/lzs/longchenhan/WebRoot/WEB-INF/etc/log4j.properties]不存在！！！
2016/01/25 11:49:16[error]  文件[E:/GitHub/lzs/longchenhan/WebRoot/WEB-INF/E:/GitHub/lzs/longchenhan/WebRoot/WEB-INF/etc/log4j.properties]不存在！！！
2016/01/25 11:49:35[error]  文件[E:/GitHub/lzs/longchenhan/WebRoot/WEB-INF/E:/GitHub/lzs/longchenhan/WebRoot/WEB-INF/etc/log4j.properties]不存在！！！
2016/01/25 11:49:49[error]  文件[E:/GitHub/lzs/longchenhan/WebRoot/WEB-INF/E:/GitHub/lzs/longchenhan/WebRoot/WEB-INF/etc/log4j.properties]不存在！！！
2016/01/25 11:54:19[error]  文件[E:/GitHub/lzs/longchenhan/WebRoot/WEB-INF/E:/GitHub/lzs/longchenhan/WebRoot/WEB-INF/etc/log4j.properties]不存在！！！
2016/01/25 11:57:55[error]  文件[E:/GitHub/lzs/longchenhan/WebRoot/WEB-INF/E:/GitHub/lzs/longchenhan/WebRoot/WEB-INF/etc/log4j.properties]不存在！！！
2016/01/25 12:35:58[error]  文件[E:/GitHub/lzs/longchenhan/WebRoot/WEB-INF/E:/GitHub/lzs/longchenhan/WebRoot/WEB-INF/etc/log4j.properties]不存在！！！
2016/01/25 13:2:5[error]  文件[E:/GitHub/lzs/longchenhan/WebRoot/WEB-INF/E:/GitHub/lzs/longchenhan/WebRoot/WEB-INF/etc/log4j.properties]不存在！！！
2016/01/25 13:7:9[error]  文件[E:/GitHub/lzs/longchenhan/WebRoot/WEB-INF/E:/GitHub/lzs/longchenhan/WebRoot/WEB-INF/etc/log4j.properties]不存在！！！
